This is pdfeTeX, Version 3.141592-1.21a-2.2 (Web2C 7.5.4) (format=latex 2006.9.3)  9 FEB 2011 20:24
entering extended mode
**Book_of_abstracts.tex
(./Book_of_abstracts.tex
LaTeX2e <2003/12/01>
Babel <v3.8d> and hyphenation patterns for american, french, german, ngerman, b
ahasa, basque, bulgarian, catalan, croatian, czech, danish, dutch, esperanto, e
stonian, finnish, greek, icelandic, irish, italian, latin, magyar, norsk, polis
h, portuges, romanian, russian, serbian, slovak, slovene, spanish, swedish, tur
kish, ukrainian, nohyphenation, loaded.
(/usr/share/texmf/tex/latex/base/book.cls
Document Class: book 2004/02/16 v1.4f Standard LaTeX document class
(/usr/share/texmf/tex/latex/base/bk12.clo
File: bk12.clo 2004/02/16 v1.4f Standard LaTeX file (size option)
)
\c@part=\count79
\c@chapter=\count80
\c@section=\count81
\c@subsection=\count82
\c@subsubsection=\count83
\c@paragraph=\count84
\c@subparagraph=\count85
\c@figure=\count86
\c@table=\count87
\abovecaptionskip=\skip41
\belowcaptionskip=\skip42
\bibindent=\dimen102
)
(/usr/share/texmf/tex/latex/base/latexsym.sty
Package: latexsym 1998/08/17 v2.2e Standard LaTeX package (lasy symbols)
\symlasy=\mathgroup4
LaTeX Font Info:    Overwriting symbol font `lasy' in version `bold'
(Font)                  U/lasy/m/n --> U/lasy/b/n on input line 47.
)
(/usr/share/texmf/tex/generic/babel/babel.sty
Package: babel 2004/11/20 v3.8d The Babel package

(/usr/share/texmf/tex/generic/babel/spanish.ldf
Language: spanish.ldf 2004/02/20 v4.2b Spanish support from the babel system

(/usr/share/texmf/tex/generic/babel/babel.def
File: babel.def 2004/11/20 v3.8d Babel common definitions
\babel@savecnt=\count88
\U@D=\dimen103
)
\es@quottoks=\toks14
\es@quotdepth=\count89
Package babel Info: Making . an active character on input line 509.
Package babel Info: Making " an active character on input line 540.
Package babel Info: Making < an active character on input line 641.
Package babel Info: Making > an active character on input line 642.
))
(/usr/share/texmf/tex/latex/graphics/graphicx.sty
Package: graphicx 1999/02/16 v1.0f Enhanced LaTeX Graphics (DPC,SPQR)

(/usr/share/texmf/tex/latex/graphics/keyval.sty
Package: keyval 1999/03/16 v1.13 key=value parser (DPC)
\KV@toks@=\toks15
)
(/usr/share/texmf/tex/latex/graphics/graphics.sty
Package: graphics 2001/07/07 v1.0n Standard LaTeX Graphics (DPC,SPQR)

(/usr/share/texmf/tex/latex/graphics/trig.sty
Package: trig 1999/03/16 v1.09 sin cos tan (DPC)
)
(/usr/share/texmf/tex/latex/graphics/graphics.cfg
File: graphics.cfg 2005/02/03 v1.3 graphics configuration of teTeX/TeXLive
)
Package graphics Info: Driver file: dvips.def on input line 80.

(/usr/share/texmf/tex/latex/graphics/dvips.def
File: dvips.def 1999/02/16 v3.0i Driver-dependant file (DPC,SPQR)
))
\Gin@req@height=\dimen104
\Gin@req@width=\dimen105
)
(/usr/share/texmf/tex/latex/multirow/multirow.sty
\bigstrutjot=\dimen106
)
(/usr/share/texmf/tex/latex/graphics/color.sty
Package: color 1999/02/16 v1.0i Standard LaTeX Color (DPC)

(/usr/share/texmf/tex/latex/graphics/color.cfg
File: color.cfg 2005/02/03 v1.3 color configuration of teTeX/TeXLive
)
Package color Info: Driver file: dvips.def on input line 125.

(/usr/share/texmf/tex/latex/graphics/dvipsnam.def
File: dvipsnam.def 1999/02/16 v3.0i Driver-dependant file (DPC,SPQR)
))
(/usr/share/texmf/tex/latex/mhchem/mhchem.sty
Package: mhchem 2007/05/19 v3.07 for typesetting chemical formulae

(/usr/share/texmf/tex/latex/base/ifthen.sty
Package: ifthen 2001/05/26 v1.1c Standard LaTeX ifthen package (DPC)
)
(/usr/share/texmf/tex/latex/tools/calc.sty
Package: calc 1998/07/07 v4.1b Infix arithmetic (KKT,FJ)
\calc@Acount=\count90
\calc@Bcount=\count91
\calc@Adimen=\dimen107
\calc@Bdimen=\dimen108
\calc@Askip=\skip43
\calc@Bskip=\skip44
LaTeX Info: Redefining \setlength on input line 59.
LaTeX Info: Redefining \addtolength on input line 60.
\calc@denominator=\count92
)
(/usr/share/texmf/tex/latex/oberdiek/twoopt.sty
Package: twoopt 1999/04/12 v1.3 Definitions with two optional arguments (HO)
)
(/usr/share/texmf/tex/latex/amsmath/amsmath.sty
Package: amsmath 2000/07/18 v2.13 AMS math features
\@mathmargin=\skip45

For additional information on amsmath, use the `?' option.
(/usr/share/texmf/tex/latex/amsmath/amstext.sty
Package: amstext 2000/06/29 v2.01

(/usr/share/texmf/tex/latex/amsmath/amsgen.sty
File: amsgen.sty 1999/11/30 v2.0
\@emptytoks=\toks16
\ex@=\dimen109
))
(/usr/share/texmf/tex/latex/amsmath/amsbsy.sty
Package: amsbsy 1999/11/29 v1.2d
\pmbraise@=\dimen110
)
(/usr/share/texmf/tex/latex/amsmath/amsopn.sty
Package: amsopn 1999/12/14 v2.01 operator names
)
\inf@bad=\count93
LaTeX Info: Redefining \frac on input line 211.
\uproot@=\count94
\leftroot@=\count95
LaTeX Info: Redefining \overline on input line 307.
\classnum@=\count96
\DOTSCASE@=\count97
LaTeX Info: Redefining \ldots on input line 379.
LaTeX Info: Redefining \dots on input line 382.
LaTeX Info: Redefining \cdots on input line 467.
\Mathstrutbox@=\box26
\strutbox@=\box27
\big@size=\dimen111
LaTeX Font Info:    Redeclaring font encoding OML on input line 567.
LaTeX Font Info:    Redeclaring font encoding OMS on input line 568.
\macc@depth=\count98
\c@MaxMatrixCols=\count99
\dotsspace@=\muskip10
\c@parentequation=\count100
\dspbrk@lvl=\count101
\tag@help=\toks17
\row@=\count102
\column@=\count103
\maxfields@=\count104
\andhelp@=\toks18
\eqnshift@=\dimen112
\alignsep@=\dimen113
\tagshift@=\dimen114
\tagwidth@=\dimen115
\totwidth@=\dimen116
\lineht@=\dimen117
\@envbody=\toks19
\multlinegap=\skip46
\multlinetaggap=\skip47
\mathdisplay@stack=\toks20
LaTeX Info: Redefining \[ on input line 2666.
LaTeX Info: Redefining \] on input line 2667.
)
\tok@mhchem@ce@iii=\toks21
\mhchem@arrowminlength=\skip48
\mhchem@arrows@box=\box28
\mhchem@arrowlength@pgf=\skip49
\mhchem@arrowminlength@pgf=\skip50
\mhchem@bondwidth=\skip51
\mhchem@bondheight=\skip52
\mhchem@smallbondwidth@tmpA=\skip53
\mhchem@smallbondwidth@tmpB=\skip54
\mhchem@smallbondwidth=\skip55
\mhchem@cf@element=\toks22
\mhchem@cf@number=\toks23
\mhchem@cf@sup=\toks24
\tok@mhchem@cf@i=\toks25
\c@mhchem@cf@length=\count105
\mhchem@cf@replaceminus@tok=\toks26
\mhchem@option@minussidebearingleft=\skip56
\mhchem@option@minussidebearingright=\skip57
)
(/usr/share/texmf/tex/latex/tools/tabularx.sty
Package: tabularx 1999/01/07 v2.07 `tabularx' package (DPC)

(/usr/share/texmf/tex/latex/tools/array.sty
Package: array 2003/12/17 v2.4a Tabular extension package (FMi)
\col@sep=\dimen118
\extrarowheight=\dimen119
\NC@list=\toks27
\extratabsurround=\skip58
\backup@length=\skip59
)
\TX@col@width=\dimen120
\TX@old@table=\dimen121
\TX@old@col=\dimen122
\TX@target=\dimen123
\TX@delta=\dimen124
\TX@cols=\count106
\TX@ftn=\toks28
)
(/usr/share/texmf/tex/latex/base/inputenc.sty
Package: inputenc 2004/02/05 v1.0d Input encoding file

(/usr/share/texmf/tex/latex/base/utf8.def
File: utf8.def 2004/02/09 v1.1b UTF-8 support for inputenc
Now handling font encoding OML ...
... no UTF-8 mapping file for font encoding OML
Now handling font encoding T1 ...
... processing UTF-8 mapping file for font encoding T1

(/usr/share/texmf/tex/latex/base/t1enc.dfu
File: t1enc.dfu 2004/02/09 v1.1b UTF-8 support for inputenc
   defining Unicode char U+00A1 (decimal 161)
   defining Unicode char U+00A3 (decimal 163)
   defining Unicode char U+00AB (decimal 171)
   defining Unicode char U+00BB (decimal 187)
   defining Unicode char U+00BF (decimal 191)
   defining Unicode char U+00C0 (decimal 192)
   defining Unicode char U+00C1 (decimal 193)
   defining Unicode char U+00C2 (decimal 194)
   defining Unicode char U+00C3 (decimal 195)
   defining Unicode char U+00C4 (decimal 196)
   defining Unicode char U+00C5 (decimal 197)
   defining Unicode char U+00C6 (decimal 198)
   defining Unicode char U+00C7 (decimal 199)
   defining Unicode char U+00C8 (decimal 200)
   defining Unicode char U+00C9 (decimal 201)
   defining Unicode char U+00CA (decimal 202)
   defining Unicode char U+00CB (decimal 203)
   defining Unicode char U+00CC (decimal 204)
   defining Unicode char U+00CD (decimal 205)
   defining Unicode char U+00CE (decimal 206)
   defining Unicode char U+00CF (decimal 207)
   defining Unicode char U+00D0 (decimal 208)
   defining Unicode char U+00D1 (decimal 209)
   defining Unicode char U+00D2 (decimal 210)
   defining Unicode char U+00D3 (decimal 211)
   defining Unicode char U+00D4 (decimal 212)
   defining Unicode char U+00D5 (decimal 213)
   defining Unicode char U+00D6 (decimal 214)
   defining Unicode char U+00D8 (decimal 216)
   defining Unicode char U+00D9 (decimal 217)
   defining Unicode char U+00DA (decimal 218)
   defining Unicode char U+00DB (decimal 219)
   defining Unicode char U+00DC (decimal 220)
   defining Unicode char U+00DD (decimal 221)
   defining Unicode char U+00DE (decimal 222)
   defining Unicode char U+00DF (decimal 223)
   defining Unicode char U+00E0 (decimal 224)
   defining Unicode char U+00E1 (decimal 225)
   defining Unicode char U+00E2 (decimal 226)
   defining Unicode char U+00E3 (decimal 227)
   defining Unicode char U+00E4 (decimal 228)
   defining Unicode char U+00E5 (decimal 229)
   defining Unicode char U+00E6 (decimal 230)
   defining Unicode char U+00E7 (decimal 231)
   defining Unicode char U+00E8 (decimal 232)
   defining Unicode char U+00E9 (decimal 233)
   defining Unicode char U+00EA (decimal 234)
   defining Unicode char U+00EB (decimal 235)
   defining Unicode char U+00EC (decimal 236)
   defining Unicode char U+00ED (decimal 237)
   defining Unicode char U+00EE (decimal 238)
   defining Unicode char U+00EF (decimal 239)
   defining Unicode char U+00F0 (decimal 240)
   defining Unicode char U+00F1 (decimal 241)
   defining Unicode char U+00F2 (decimal 242)
   defining Unicode char U+00F3 (decimal 243)
   defining Unicode char U+00F4 (decimal 244)
   defining Unicode char U+00F5 (decimal 245)
   defining Unicode char U+00F6 (decimal 246)
   defining Unicode char U+00F8 (decimal 248)
   defining Unicode char U+00F9 (decimal 249)
   defining Unicode char U+00FA (decimal 250)
   defining Unicode char U+00FB (decimal 251)
   defining Unicode char U+00FC (decimal 252)
   defining Unicode char U+00FD (decimal 253)
   defining Unicode char U+00FE (decimal 254)
   defining Unicode char U+00FF (decimal 255)
   defining Unicode char U+0102 (decimal 258)
   defining Unicode char U+0103 (decimal 259)
   defining Unicode char U+0104 (decimal 260)
   defining Unicode char U+0105 (decimal 261)
   defining Unicode char U+0106 (decimal 262)
   defining Unicode char U+0107 (decimal 263)
   defining Unicode char U+010C (decimal 268)
   defining Unicode char U+010D (decimal 269)
   defining Unicode char U+010E (decimal 270)
   defining Unicode char U+010F (decimal 271)
   defining Unicode char U+0110 (decimal 272)
   defining Unicode char U+0111 (decimal 273)
   defining Unicode char U+0118 (decimal 280)
   defining Unicode char U+0119 (decimal 281)
   defining Unicode char U+011A (decimal 282)
   defining Unicode char U+011B (decimal 283)
   defining Unicode char U+011E (decimal 286)
   defining Unicode char U+011F (decimal 287)
   defining Unicode char U+0130 (decimal 304)
   defining Unicode char U+0131 (decimal 305)
   defining Unicode char U+0139 (decimal 313)
   defining Unicode char U+013A (decimal 314)
   defining Unicode char U+013D (decimal 317)
   defining Unicode char U+013E (decimal 318)
   defining Unicode char U+0141 (decimal 321)
   defining Unicode char U+0142 (decimal 322)
   defining Unicode char U+0143 (decimal 323)
   defining Unicode char U+0144 (decimal 324)
   defining Unicode char U+0147 (decimal 327)
   defining Unicode char U+0148 (decimal 328)
   defining Unicode char U+014A (decimal 330)
   defining Unicode char U+014B (decimal 331)
   defining Unicode char U+0150 (decimal 336)
   defining Unicode char U+0151 (decimal 337)
   defining Unicode char U+0152 (decimal 338)
   defining Unicode char U+0153 (decimal 339)
   defining Unicode char U+0154 (decimal 340)
   defining Unicode char U+0155 (decimal 341)
   defining Unicode char U+0158 (decimal 344)
   defining Unicode char U+0159 (decimal 345)
   defining Unicode char U+015A (decimal 346)
   defining Unicode char U+015B (decimal 347)
   defining Unicode char U+015E (decimal 350)
   defining Unicode char U+015F (decimal 351)
   defining Unicode char U+0160 (decimal 352)
   defining Unicode char U+0161 (decimal 353)
   defining Unicode char U+0162 (decimal 354)
   defining Unicode char U+0163 (decimal 355)
   defining Unicode char U+0164 (decimal 356)
   defining Unicode char U+0165 (decimal 357)
   defining Unicode char U+016E (decimal 366)
   defining Unicode char U+016F (decimal 367)
   defining Unicode char U+0170 (decimal 368)
   defining Unicode char U+0171 (decimal 369)
   defining Unicode char U+0178 (decimal 376)
   defining Unicode char U+0179 (decimal 377)
   defining Unicode char U+017A (decimal 378)
   defining Unicode char U+017B (decimal 379)
   defining Unicode char U+017C (decimal 380)
   defining Unicode char U+017D (decimal 381)
   defining Unicode char U+017E (decimal 382)
   defining Unicode char U+200C (decimal 8204)
   defining Unicode char U+2013 (decimal 8211)
   defining Unicode char U+2014 (decimal 8212)
   defining Unicode char U+2018 (decimal 8216)
   defining Unicode char U+2019 (decimal 8217)
   defining Unicode char U+201A (decimal 8218)
   defining Unicode char U+201C (decimal 8220)
   defining Unicode char U+201D (decimal 8221)
   defining Unicode char U+201E (decimal 8222)
   defining Unicode char U+2030 (decimal 8240)
   defining Unicode char U+2031 (decimal 8241)
   defining Unicode char U+2039 (decimal 8249)
   defining Unicode char U+203A (decimal 8250)
   defining Unicode char U+2423 (decimal 9251)
)
Now handling font encoding OT1 ...
... processing UTF-8 mapping file for font encoding OT1

(/usr/share/texmf/tex/latex/base/ot1enc.dfu
File: ot1enc.dfu 2004/02/09 v1.1b UTF-8 support for inputenc
   defining Unicode char U+00A1 (decimal 161)
   defining Unicode char U+00A3 (decimal 163)
   defining Unicode char U+00B8 (decimal 184)
   defining Unicode char U+00BF (decimal 191)
   defining Unicode char U+00C5 (decimal 197)
   defining Unicode char U+00C6 (decimal 198)
   defining Unicode char U+00D8 (decimal 216)
   defining Unicode char U+00DF (decimal 223)
   defining Unicode char U+00E6 (decimal 230)
   defining Unicode char U+00EC (decimal 236)
   defining Unicode char U+00ED (decimal 237)
   defining Unicode char U+00EE (decimal 238)
   defining Unicode char U+00EF (decimal 239)
   defining Unicode char U+00F8 (decimal 248)
   defining Unicode char U+0131 (decimal 305)
   defining Unicode char U+0141 (decimal 321)
   defining Unicode char U+0142 (decimal 322)
   defining Unicode char U+0152 (decimal 338)
   defining Unicode char U+0153 (decimal 339)
   defining Unicode char U+2013 (decimal 8211)
   defining Unicode char U+2014 (decimal 8212)
   defining Unicode char U+2018 (decimal 8216)
   defining Unicode char U+2019 (decimal 8217)
   defining Unicode char U+201C (decimal 8220)
   defining Unicode char U+201D (decimal 8221)
)
Now handling font encoding OMS ...
... processing UTF-8 mapping file for font encoding OMS

(/usr/share/texmf/tex/latex/base/omsenc.dfu
File: omsenc.dfu 2004/02/09 v1.1b UTF-8 support for inputenc
   defining Unicode char U+00A7 (decimal 167)
   defining Unicode char U+00B6 (decimal 182)
   defining Unicode char U+02D9 (decimal 729)
   defining Unicode char U+2020 (decimal 8224)
   defining Unicode char U+2021 (decimal 8225)
   defining Unicode char U+2022 (decimal 8226)
)
Now handling font encoding OMX ...
... no UTF-8 mapping file for font encoding OMX
Now handling font encoding U ...
... no UTF-8 mapping file for font encoding U
   defining Unicode char U+00A9 (decimal 169)
   defining Unicode char U+00AA (decimal 170)
   defining Unicode char U+00AE (decimal 174)
   defining Unicode char U+00BA (decimal 186)
   defining Unicode char U+02C6 (decimal 710)
   defining Unicode char U+02CA (decimal 714)
   defining Unicode char U+200C (decimal 8204)
   defining Unicode char U+2026 (decimal 8230)
   defining Unicode char U+2122 (decimal 8482)
   defining Unicode char U+2423 (decimal 9251)
))
(/usr/share/texmf/tex/latex/carlisle/colortbl.sty
Package: colortbl 2001/02/13 v0.1j Color table columns (DPC)
\everycr=\toks29
\minrowclearance=\skip60
)
(/usr/share/texmf/tex/latex/graphics/lscape.sty
Package: lscape 2000/10/22 v3.01 Landscape Pages (DPC)
)
(/usr/share/texmf/tex/latex/hyperref/hyperref.sty
Package: hyperref 2003/11/30 v6.74m Hypertext links for LaTeX
\@linkdim=\dimen125
\Hy@linkcounter=\count107
\Hy@pagecounter=\count108

(/usr/share/texmf/tex/latex/hyperref/pd1enc.def
File: pd1enc.def 2003/11/30 v6.74m Hyperref: PDFDocEncoding definition (HO)
Now handling font encoding PD1 ...
... no UTF-8 mapping file for font encoding PD1
)
(/usr/share/texmf/tex/latex/hyperref/hyperref.cfg
File: hyperref.cfg 2002/06/06 v1.2 hyperref configuration of TeXLive and teTeX
)
Package hyperref Info: Option `breaklinks' set `true' on input line 1830.
Package hyperref Info: Option `colorlinks' set `true' on input line 1830.
Package hyperref Info: Hyper figures OFF on input line 1880.
Package hyperref Info: Link nesting OFF on input line 1885.
Package hyperref Info: Hyper index ON on input line 1888.
Package hyperref Info: Plain pages ON on input line 1893.
Package hyperref Info: Backreferencing OFF on input line 1900.

Implicit mode ON; LaTeX internals redefined
Package hyperref Info: Bookmarks ON on input line 2004.
(/usr/share/texmf/tex/latex/html/url.sty
Package: url 1999/03/02  ver 1.4  Verb mode for urls, email addresses, and file
 names
)
LaTeX Info: Redefining \url on input line 2143.
\Fld@menulength=\count109
\Field@Width=\dimen126
\Fld@charsize=\dimen127
\Choice@toks=\toks30
\Field@toks=\toks31
Package hyperref Info: Hyper figures OFF on input line 2618.
Package hyperref Info: Link nesting OFF on input line 2623.
Package hyperref Info: Hyper index ON on input line 2626.
Package hyperref Info: backreferencing OFF on input line 2633.
Package hyperref Info: Link coloring ON on input line 2636.
\c@Item=\count110
)
*hyperref using default driver hdvips*
(/usr/share/texmf/tex/latex/hyperref/hdvips.def
File: hdvips.def 2003/11/30 v6.74m Hyperref driver for dvips

(/usr/share/texmf/tex/latex/hyperref/pdfmark.def
File: pdfmark.def 2003/11/30 v6.74m Hyperref definitions for pdfmark specials
\pdf@docset=\toks32
\pdf@box=\box29
\pdf@toks=\toks33
\pdf@defaulttoks=\toks34
\Fld@listcount=\count111
\@outlinefile=\write3
))
(/usr/share/texmf/tex/latex/fancyhdr/fancyhdr.sty
\fancy@headwidth=\skip61
\f@ncyO@elh=\skip62
\f@ncyO@erh=\skip63
\f@ncyO@olh=\skip64
\f@ncyO@orh=\skip65
\f@ncyO@elf=\skip66
\f@ncyO@erf=\skip67
\f@ncyO@olf=\skip68
\f@ncyO@orf=\skip69
) (./Book_of_abstracts.aux

LaTeX Warning: Label `figure 1' multiply defined.


LaTeX Warning: Label `figure 1' multiply defined.


LaTeX Warning: Label `figure 1' multiply defined.


LaTeX Warning: Label `figure 1' multiply defined.


LaTeX Warning: Label `figure 1' multiply defined.


LaTeX Warning: Label `figure 1' multiply defined.


LaTeX Warning: Label `figure 1' multiply defined.


LaTeX Warning: Label `figure 1' multiply defined.


LaTeX Warning: Label `figure 1' multiply defined.


LaTeX Warning: Label `figure 1' multiply defined.


LaTeX Warning: Label `figure 1' multiply defined.

)
\openout1 = `Book_of_abstracts.aux'.

LaTeX Font Info:    Checking defaults for OML/cmm/m/it on input line 70.
LaTeX Font Info:    ... okay on input line 70.
LaTeX Font Info:    Checking defaults for T1/cmr/m/n on input line 70.
LaTeX Font Info:    ... okay on input line 70.
LaTeX Font Info:    Checking defaults for OT1/cmr/m/n on input line 70.
LaTeX Font Info:    ... okay on input line 70.
LaTeX Font Info:    Checking defaults for OMS/cmsy/m/n on input line 70.
LaTeX Font Info:    ... okay on input line 70.
LaTeX Font Info:    Checking defaults for OMX/cmex/m/n on input line 70.
LaTeX Font Info:    ... okay on input line 70.
LaTeX Font Info:    Checking defaults for U/cmr/m/n on input line 70.
LaTeX Font Info:    ... okay on input line 70.
LaTeX Font Info:    Checking defaults for PD1/pdf/m/n on input line 70.
LaTeX Font Info:    ... okay on input line 70.
Package hyperref Info: Link coloring ON on input line 70.
 (/usr/share/texmf/tex/latex/hyperref/nameref.sty
Package: nameref 2003/12/03 v2.21 Cross-referencing by name of section
\c@section@level=\count112
)
LaTeX Info: Redefining \ref on input line 70.
LaTeX Info: Redefining \pageref on input line 70.
 (./Book_of_abstracts.out)
(./Book_of_abstracts.out)
\openout3 = `Book_of_abstracts.out'.

File: coverJ2IFAM2011-NEW.eps Graphic file (type eps)
 <coverJ2IFAM2011-NEW.eps> [1

] [2

]
File: ./logo-usc.eps Graphic file (type eps)
 <./logo-usc.eps>
LaTeX Font Info:    Try loading font information for U+lasy on input line 88.

(/usr/share/texmf/tex/latex/base/ulasy.fd
File: ulasy.fd 1998/08/17 v2.2e LaTeX symbol font definitions
) [1] [2

] (./Book_of_abstracts.toc
[3])
\tf@toc=\write4
\openout4 = `Book_of_abstracts.toc'.

 [4] [5

] [6

] [7] [8

]
File: logo-usc.eps Graphic file (type eps)
 <logo-usc.eps>
File: logo-gefam.eps Graphic file (type eps)
 <logo-gefam.eps>
File: logo_cesga.eps Graphic file (type eps)
 <logo_cesga.eps>
Overfull \hbox (8.565pt too wide) in paragraph at lines 150--150
 [] 
 []

File: logo_cc.eps Graphic file (type eps)
<logo_cc.eps> [9] [10

] (./sp.tex
Overfull \hbox (1.86673pt too wide) in paragraph at lines 5--5
[]|\OT1/cmr/bx/n/12 Hour| 
 []


Underfull \hbox (badness 10000) in paragraph at lines 7--7
[]|\OT1/cmr/m/n/12 08:30
 []


Underfull \hbox (badness 10000) in paragraph at lines 9--9
[]|\OT1/cmr/m/n/12 10:00
 []


Underfull \hbox (badness 10000) in paragraph at lines 13--13
[]|\OT1/cmr/m/n/12 11:00
 []


Underfull \hbox (badness 10000) in paragraph at lines 15--15
[]|\OT1/cmr/m/n/12 11:25
 []


Underfull \hbox (badness 10000) in paragraph at lines 17--17
[]|\OT1/cmr/m/n/12 11:50
 []


Underfull \hbox (badness 10000) in paragraph at lines 22--22
[]|\OT1/cmr/m/n/12 12:25
 []


Underfull \hbox (badness 10000) in paragraph at lines 24--24
[]|\OT1/cmr/m/n/12 12:50
 []


Underfull \hbox (badness 1565) in paragraph at lines 24--25
[]|\OT1/cmr/m/n/12 Post-pulse mo-le-cu-lar align-ment op-ti-mi-zed by quasi-
 []


Underfull \hbox (badness 10000) in paragraph at lines 26--26
[]|\OT1/cmr/m/n/12 13:15
 []


Underfull \hbox (badness 10000) in paragraph at lines 28--28
[]|\OT1/cmr/m/n/12 13:40
 []


Underfull \hbox (badness 10000) in paragraph at lines 33--33
[]|\OT1/cmr/m/n/12 15:30
 []


Underfull \hbox (badness 10000) in paragraph at lines 35--35
[]|\OT1/cmr/m/n/12 15:55
 []


Underfull \hbox (badness 10000) in paragraph at lines 37--37
[]|\OT1/cmr/m/n/12 16:20
 []


Underfull \hbox (badness 10000) in paragraph at lines 39--39
[]|\OT1/cmr/m/n/12 16:45
 []


Underfull \hbox (badness 10000) in paragraph at lines 41--41
[]|\OT1/cmr/m/n/12 17:10
 []


Underfull \hbox (badness 10000) in paragraph at lines 43--43
[]|\OT1/cmr/m/n/12 17:40
 []


Underfull \hbox (badness 10000) in paragraph at lines 45--45
[]|\OT1/cmr/m/n/12 19:00
 []


Overfull \hbox (23.37358pt too wide) in paragraph at lines 2--50
[]  
 []


Overfull \vbox (7.18076pt too high) has occurred while \output is active []


[11]
Overfull \hbox (1.86673pt too wide) in paragraph at lines 57--57
[]|\OT1/cmr/bx/n/12 Hour| 
 []


Underfull \hbox (badness 10000) in paragraph at lines 61--61
[]|\OT1/cmr/m/n/12 10:00
 []


Underfull \hbox (badness 10000) in paragraph at lines 63--63
[]|\OT1/cmr/m/n/12 10:25
 []


Underfull \hbox (badness 10000) in paragraph at lines 65--65
[]|\OT1/cmr/m/n/12 10:50
 []


Underfull \hbox (badness 10000) in paragraph at lines 67--67
[]|\OT1/cmr/m/n/12 11:15
 []


Underfull \hbox (badness 3158) in paragraph at lines 67--68
[]|\OT1/cmr/m/n/12 A me-tas-ta-ble \OT1/cmr/m/it/12 su-per-glass \OT1/cmr/m/n/1
2 pha-se in mo-le-cu-lar para-
 []


Underfull \hbox (badness 10000) in paragraph at lines 69--69
[]|\OT1/cmr/m/n/12 11:40
 []


Underfull \hbox (badness 10000) in paragraph at lines 74--74
[]|\OT1/cmr/m/n/12 12:10
 []


Underfull \hbox (badness 10000) in paragraph at lines 76--76
[]|\OT1/cmr/m/n/12 12:35
 []


Underfull \hbox (badness 1874) in paragraph at lines 76--77
[]|\OT1/cmr/m/n/12 Binary mix-tu-res of Bose-Einstein con-den-sa-tes in a
 []


Underfull \hbox (badness 10000) in paragraph at lines 78--78
[]|\OT1/cmr/m/n/12 13:00
 []


Underfull \hbox (badness 10000) in paragraph at lines 80--80
[]|\OT1/cmr/m/n/12 13:25
 []


Underfull \hbox (badness 10000) in paragraph at lines 82--82
[]|\OT1/cmr/m/n/12 13:50
 []


Underfull \hbox (badness 10000) in paragraph at lines 87--87
[]|\OT1/cmr/m/n/12 15:30
 []


Underfull \hbox (badness 10000) in paragraph at lines 89--89
[]|\OT1/cmr/m/n/12 15:55
 []


Underfull \hbox (badness 10000) in paragraph at lines 91--91
[]|\OT1/cmr/m/n/12 16:20
 []


Underfull \hbox (badness 10000) in paragraph at lines 93--93
[]|\OT1/cmr/m/n/12 16:45
 []


Underfull \hbox (badness 10000) in paragraph at lines 95--95
[]|\OT1/cmr/m/n/12 17:00
 []


Overfull \hbox (23.37358pt too wide) in paragraph at lines 54--98
[]  
 []

[12]
Overfull \hbox (3.70264pt too wide) in paragraph at lines 114--114
[]|\OT1/cmr/bx/n/12 Poster| 
 []


Overfull \hbox (29.06407pt too wide) in paragraph at lines 112--137
 [] 
 []

) [13] [14

] [15] [16] [17

] (./abstracts-oral.tex [18]
File: ./graphics/martin_oral1.eps Graphic file (type eps)

<./graphics/martin_oral1.eps> [19]
File: ./graphics/hubert.eps Graphic file (type eps)
 <./graphics/hubert.eps> [20]
File: ./graphics/sanchez_oral1.eps Graphic file (type eps)

<./graphics/sanchez_oral1.eps> [21]
LaTeX Font Info:    Try loading font information for OMS+cmr on input line 216.

 (/usr/share/texmf/tex/latex/base/omscmr.fd
File: omscmr.fd 1999/05/25 v2.5h Standard LaTeX font definitions
)
LaTeX Font Info:    Font shape `OMS/cmr/m/it' in size <12> not available
(Font)              Font shape `OMS/cmsy/m/n' tried instead on input line 216.
File: ./graphics/loriot1.eps Graphic file (type eps)
<./graphics/loriot1.eps> [22] [23]
File: ./graphics/lorenzo1.eps Graphic file (type eps)
 <./graphics/lorenzo1.eps>
File: ./graphics/lorenzo2.eps Graphic file (type eps)

<./graphics/lorenzo2.eps>
File: ./graphics/lorenzo3.eps Graphic file (type eps)
 <./graphics/lorenzo3.eps>
Overfull \hbox (8.52776pt too wide) in paragraph at lines 347--350
[][] [] [] 
 []


Underfull \hbox (badness 10000) in paragraph at lines 339--362

 []

[24]
File: ./graphics/lorenzo4.eps Graphic file (type eps)
 <./graphics/lorenzo4.eps> [25]
File: ./graphics/cabezas1.eps Graphic file (type eps)
 <./graphics/cabezas1.eps> [26]
File: ./graphics/gonzalez1.eps Graphic file (type eps)

<./graphics/gonzalez1.eps> [27] [28]
File: ./graphics/rodriguez-diaz1.eps Graphic file (type eps)
 <./graphics/rodriguez-diaz1.eps> [29]
Overfull \hbox (31.18262pt too wide) in paragraph at lines 610--620
\OT1/cmr/m/n/12 particle den-si-ties of 90 se-lec-ted mo-le-cu-les of va-rious 
che-mi-cal ty-pes, at the CISD/6-311++G(3df,2p)
 []

[30] [31] [32]
Underfull \hbox (badness 10000) in paragraph at lines 735--750

 []

[33] [34] [35] [36] [37]
File: ./graphics/aguilar1.eps Graphic file (type eps)
 <./graphics/aguilar1.eps> [38] [39]) [40] [41

]
(./abstracts-poster.tex [42]
File: ./graphics/garcia1.eps Graphic file (type eps)
 <./graphics/garcia1.eps>
File: ./graphics/garcia2.eps Graphic file (type eps)
 <./graphics/garcia2.eps>
[43] [44]
File: ./graphics/lorenzo1.eps Graphic file (type eps)
 <./graphics/lorenzo1.eps>
File: ./graphics/lorenzo2.eps Graphic file (type eps)
 <./graphics/lorenzo2.eps>
File: ./graphics/lorenzo3.eps Graphic file (type eps)

<./graphics/lorenzo3.eps>
Overfull \hbox (8.52776pt too wide) in paragraph at lines 187--190
[][] [] [] 
 []


Underfull \hbox (badness 10000) in paragraph at lines 179--201

 []

[45]
File: ./graphics/lorenzo4.eps Graphic file (type eps)
 <./graphics/lorenzo4.eps> [46]
File: ./graphics/martin_poster1.eps Graphic file (type eps)
 <./graphics/martin_poster1.eps>
Underfull \hbox (badness 10000) in paragraph at lines 241--255

 []

[47]
File: ./graphics/sanchez_poster1.eps Graphic file (type eps)
 <./graphics/sanchez_poster1.eps>
Overfull \hbox (69.70955pt too wide) in paragraph at lines 285--308
\OT1/cmr/m/n/10 Acknowledgment. F. C. T. (Por-tu-gal): A. S^^Sanchez-Coronilla 
thanks SFRH/BPD/64898/2009 grant; PTDC/QUI/64658/2006.
 []


Underfull \hbox (badness 10000) in paragraph at lines 285--308

 []

[48]
File: ./graphics/sanchez_poster2.eps Graphic file (type eps)
 <./graphics/sanchez_poster2.eps> [49]
File: ./graphics/varela1.eps Graphic file (type eps)
 <./graphics/varela1.eps>
File: ./graphics/varela2.eps Graphic file (type eps)

<./graphics/varela2.eps>
File: ./graphics/varela3.eps Graphic file (type eps)
 <./graphics/varela3.eps> [50] [51] [52]
File: ./graphics/josa1.eps Graphic file (type eps)

<./graphics/josa1.eps> [53]) [54

] (./listofparticipants.txt
Underfull \hbox (badness 10000) in paragraph at lines 1--157

 []


Underfull \hbox (badness 10000) in paragraph at lines 1--157

 []


Underfull \hbox (badness 10000) in paragraph at lines 1--157

 []


Underfull \hbox (badness 10000) in paragraph at lines 1--157

 []


Underfull \hbox (badness 10000) in paragraph at lines 1--157

 []


Underfull \hbox (badness 10000) in paragraph at lines 1--157

 []


Underfull \hbox (badness 10000) in paragraph at lines 1--157

 []


Underfull \hbox (badness 10000) in paragraph at lines 1--157

 []


Underfull \hbox (badness 10000) in paragraph at lines 1--157

 []


Underfull \hbox (badness 10000) in paragraph at lines 1--157

 []


Underfull \hbox (badness 10000) in paragraph at lines 1--157

 []


Underfull \hbox (badness 10000) in paragraph at lines 1--157

 []


Underfull \hbox (badness 10000) in paragraph at lines 1--157

 []


Underfull \hbox (badness 10000) in paragraph at lines 1--157

 []


Underfull \hbox (badness 10000) in paragraph at lines 1--157

 []


Underfull \hbox (badness 10000) in paragraph at lines 1--157

 []


Underfull \hbox (badness 10000) in paragraph at lines 1--157

 []


Underfull \hbox (badness 10000) in paragraph at lines 1--157

 []


Underfull \hbox (badness 10000) in paragraph at lines 1--157

 []


Underfull \hbox (badness 10000) in paragraph at lines 1--157

 []


Underfull \hbox (badness 10000) in paragraph at lines 1--157

 []


Underfull \hbox (badness 10000) in paragraph at lines 1--157

 []


Underfull \hbox (badness 10000) in paragraph at lines 1--157

 []


Underfull \hbox (badness 10000) in paragraph at lines 1--157

 []


Underfull \hbox (badness 10000) in paragraph at lines 1--157

 []


Underfull \hbox (badness 10000) in paragraph at lines 1--157

 []


Underfull \hbox (badness 10000) in paragraph at lines 1--157

 []


Underfull \hbox (badness 10000) in paragraph at lines 1--157

 []


Underfull \hbox (badness 10000) in paragraph at lines 1--157

 []


Underfull \hbox (badness 10000) in paragraph at lines 1--157

 []


Underfull \hbox (badness 10000) in paragraph at lines 1--157

 []


Underfull \hbox (badness 10000) in paragraph at lines 1--157

 []


Underfull \vbox (badness 10000) has occurred while \output is active []

 [55]
Underfull \vbox (badness 10000) has occurred while \output is active []

 [56]
Underfull \vbox (badness 10000) has occurred while \output is active []

 [57])
[58] (./Book_of_abstracts.aux)

LaTeX Warning: There were multiply-defined labels.

 ) 
Here is how much of TeX's memory you used:
 4461 strings out of 94501
 58438 string characters out of 1173693
 135158 words of memory out of 1000000
 7511 multiletter control sequences out of 10000+50000
 13996 words of font info for 54 fonts, out of 500000 for 2000
 580 hyphenation exceptions out of 1000
 34i,13n,43p,1758b,401s stack positions out of 1500i,500n,5000p,200000b,5000s

Output written on Book_of_abstracts.dvi (60 pages, 189504 bytes).
