\BOOKMARK [0][-]{chapter*.2}{About J2IFAM}{}
\BOOKMARK [0][-]{chapter*.3}{Organizing Committee}{}
\BOOKMARK [0][-]{chapter*.4}{Sponsors and Supporters}{}
\BOOKMARK [0][-]{chapter*.5}{Scientific Program}{}
\BOOKMARK [-1][-]{part*.6}{Abstracts}{}
\BOOKMARK [0][-]{chapter*.7}{Oral Presentations}{part*.6}
\BOOKMARK [1][-]{section*.8}{OP-1 \040 \040 E. I. Mart\355n Fern\341ndez}{chapter*.7}
\BOOKMARK [1][-]{section*.9}{OP-2 \040 \040 H. Cybulski}{chapter*.7}
\BOOKMARK [1][-]{section*.10}{OP-3 \040 \040 A. S\341nchez Coronilla}{chapter*.7}
\BOOKMARK [1][-]{section*.11}{OP-4 \040 \040 V. Loriot}{chapter*.7}
\BOOKMARK [1][-]{section*.12}{OP-5 \040 \040 S. D. Bouz\363n Capelo}{chapter*.7}
\BOOKMARK [1][-]{section*.13}{OP-6 \040 \040 I. Lorenzo Geada}{chapter*.7}
\BOOKMARK [1][-]{section*.14}{OP-7 \040 \040 C. Cabezas}{chapter*.7}
\BOOKMARK [1][-]{section*.15}{OP-8 \040 \040 M. Gonz\341lez Gonz\341lez}{chapter*.7}
\BOOKMARK [1][-]{section*.16}{OP-9 \040 \040 M. E. Corrales Castellanos}{chapter*.7}
\BOOKMARK [1][-]{section*.17}{OP-10 \040 \040J. Rodr\355guez D\355az}{chapter*.7}
\BOOKMARK [1][-]{section*.18}{OP-11 \040 \040S. L\363pez Rosa}{chapter*.7}
\BOOKMARK [1][-]{section*.19}{OP-12 \040 \040J. J. Omiste Romero}{chapter*.7}
\BOOKMARK [1][-]{section*.20}{OP-13 \040 \040P. A. Bouvrie}{chapter*.7}
\BOOKMARK [1][-]{section*.21}{OP-14 \040 \040R. Rota}{chapter*.7}
\BOOKMARK [1][-]{section*.22}{OP-15 \040 \040O. N. Osychenko}{chapter*.7}
\BOOKMARK [1][-]{section*.23}{OP-16 \040 \040M. Mel\351 Messeguer}{chapter*.7}
\BOOKMARK [1][-]{section*.24}{OP-17 \040 \040C. Rodr\355guez Tajes}{chapter*.7}
\BOOKMARK [1][-]{section*.25}{OP-18 \040 \040R. Meana Pa\361eda}{chapter*.7}
\BOOKMARK [1][-]{section*.26}{OP-19 \040 \040J. Aguilar}{chapter*.7}
\BOOKMARK [1][-]{section*.27}{OP-20 \040 \040J. J. Nogueira P\351rez}{chapter*.7}
\BOOKMARK [1][-]{section*.28}{OP-21 \040 \040V. Mor\363n Tejero}{chapter*.7}
\BOOKMARK [0][-]{chapter*.29}{Posters}{part*.6}
\BOOKMARK [1][-]{section*.30}{P-1 \040 \040 A. Garc\355a Abu\355n}{chapter*.29}
\BOOKMARK [1][-]{section*.31}{P-2 \040 \040 C. Fong Padr\363n}{chapter*.29}
\BOOKMARK [1][-]{section*.32}{P-3 \040 \040 I. Lorenzo Geada}{chapter*.29}
\BOOKMARK [1][-]{section*.33}{P-4 \040 \040 E. I. Mart\355n Fern\341ndez}{chapter*.29}
\BOOKMARK [1][-]{section*.34}{P-5 \040 \040 A. S\341nchez Coronilla}{chapter*.29}
\BOOKMARK [1][-]{section*.35}{P-6 \040 \040 A. S\341nchez Coronilla}{chapter*.29}
\BOOKMARK [1][-]{section*.36}{P-7 \040 \040 M. Varela}{chapter*.29}
\BOOKMARK [1][-]{section*.37}{P-8 \040 \040 L. Pi\361eiro Maseda}{chapter*.29}
\BOOKMARK [1][-]{section*.38}{P-9 \040 \040 A. V\341zquez Carpentier and M. Mart\355nez Valado}{chapter*.29}
\BOOKMARK [1][-]{section*.39}{P-10 \040 D. Josa}{chapter*.29}
\BOOKMARK [0][-]{chapter*.40}{List of Participants}{part*.6}
